<?xml version="1.0" encoding="UTF-8"?>
<!-- Generated by org.testng.reporters.JUnitReportReporter -->
<testsuite hostname="affbccbceaacdeda305230481baaaccbaafebfaone-0" failures="0" tests="3" name="runner.Testcase1" time="32.323" errors="0" timestamp="2023-09-19T06:32:03 UTC" skipped="0">
  <testcase classname="runner.Testcase1" name="TC_001" time="9.973"/>
  <testcase classname="runner.Testcase1" name="TC_002" time="11.313"/>
  <testcase classname="runner.Testcase1" name="TC_003" time="11.037"/>
</testsuite> <!-- runner.Testcase1 -->
